This file contains any messages produced by compilers while
running configure, to aid debugging if configure makes a mistake.

It was created by configure, which was
generated by GNU Autoconf 2.69.  Invocation command line was

  $ ./configure --prefix=/usr/local

## --------- ##
## Platform. ##
## --------- ##

hostname = lachbr-G7-7588
uname -m = x86_64
uname -r = 5.7.19-050719-generic
uname -s = Linux
uname -v = #202008270830 SMP Thu Aug 27 08:35:40 UTC 2020

/usr/bin/uname -p = unknown
/bin/uname -X     = unknown

/bin/arch              = unknown
/usr/bin/arch -k       = unknown
/usr/convex/getsysinfo = unknown
/usr/bin/hostinfo      = unknown
/bin/machine           = unknown
/usr/bin/oslevel       = unknown
/bin/universe          = unknown

PATH: /usr/lib/x86_64-linux-gnu/ImageMagick-6.8.9/bin-Q16
PATH: /home/lachbr/.local/bin
PATH: /usr/local/sbin
PATH: /usr/local/bin
PATH: /usr/sbin
PATH: /usr/bin
PATH: /sbin
PATH: /bin
PATH: /usr/games
PATH: /usr/local/games


## ----------- ##
## Core tests. ##
## ----------- ##

configure:2384: checking for a BSD-compatible install
configure:2452: result: /usr/bin/install -c
configure:2463: checking whether build environment is sane
configure:2518: result: yes
configure:2667: checking for a thread-safe mkdir -p
configure:2706: result: /bin/mkdir -p
configure:2713: checking for gawk
configure:2729: found /usr/bin/gawk
configure:2740: result: gawk
configure:2751: checking whether make sets $(MAKE)
configure:2773: result: yes
configure:2802: checking whether make supports nested variables
configure:2819: result: yes
configure:2951: checking whether make sets $(MAKE)
configure:2973: result: yes
configure:2986: checking build system type
configure:3000: result: x86_64-pc-linux-gnu
configure:3020: checking host system type
configure:3033: result: x86_64-pc-linux-gnu
configure:3116: checking for gcc
configure:3132: found /usr/bin/gcc
configure:3143: result: gcc
configure:3372: checking for C compiler version
configure:3381: gcc --version >&5
gcc (Ubuntu 9.3.0-10ubuntu2) 9.3.0
Copyright (C) 2019 Free Software Foundation, Inc.
This is free software; see the source for copying conditions.  There is NO
warranty; not even for MERCHANTABILITY or FITNESS FOR A PARTICULAR PURPOSE.

configure:3392: $? = 0
configure:3381: gcc -v >&5
Using built-in specs.
COLLECT_GCC=gcc
COLLECT_LTO_WRAPPER=/usr/lib/gcc/x86_64-linux-gnu/9/lto-wrapper
OFFLOAD_TARGET_NAMES=nvptx-none:hsa
OFFLOAD_TARGET_DEFAULT=1
Target: x86_64-linux-gnu
Configured with: ../src/configure -v --with-pkgversion='Ubuntu 9.3.0-10ubuntu2' --with-bugurl=file:///usr/share/doc/gcc-9/README.Bugs --enable-languages=c,ada,c++,go,brig,d,fortran,objc,obj-c++,gm2 --prefix=/usr --with-gcc-major-version-only --program-suffix=-9 --program-prefix=x86_64-linux-gnu- --enable-shared --enable-linker-build-id --libexecdir=/usr/lib --without-included-gettext --enable-threads=posix --libdir=/usr/lib --enable-nls --enable-clocale=gnu --enable-libstdcxx-debug --enable-libstdcxx-time=yes --with-default-libstdcxx-abi=new --enable-gnu-unique-object --disable-vtable-verify --enable-plugin --enable-default-pie --with-system-zlib --with-target-system-zlib=auto --enable-objc-gc=auto --enable-multiarch --disable-werror --with-arch-32=i686 --with-abi=m64 --with-multilib-list=m32,m64,mx32 --enable-multilib --with-tune=generic --enable-offload-targets=nvptx-none,hsa --without-cuda-driver --enable-checking=release --build=x86_64-linux-gnu --host=x86_64-linux-gnu --target=x86_64-linux-gnu
Thread model: posix
gcc version 9.3.0 (Ubuntu 9.3.0-10ubuntu2) 
configure:3392: $? = 0
configure:3381: gcc -V >&5
gcc: error: unrecognized command line option '-V'
gcc: fatal error: no input files
compilation terminated.
configure:3392: $? = 1
configure:3381: gcc -qversion >&5
gcc: error: unrecognized command line option '-qversion'; did you mean '--version'?
gcc: fatal error: no input files
compilation terminated.
configure:3392: $? = 1
configure:3412: checking whether the C compiler works
configure:3434: gcc   -DINSTALL_DIR='"$(prefix)"'  conftest.c  >&5
configure:3438: $? = 0
configure:3486: result: yes
configure:3489: checking for C compiler default output file name
configure:3491: result: a.out
configure:3497: checking for suffix of executables
configure:3504: gcc -o conftest   -DINSTALL_DIR='"$(prefix)"'  conftest.c  >&5
configure:3508: $? = 0
configure:3530: result: 
configure:3552: checking whether we are cross compiling
configure:3560: gcc -o conftest   -DINSTALL_DIR='"$(prefix)"'  conftest.c  >&5
configure:3564: $? = 0
configure:3571: ./conftest
configure:3575: $? = 0
configure:3563: result: no
configure:3568: checking for suffix of object files
configure:3590: gcc -c   -DINSTALL_DIR='"$(prefix)"' conftest.c >&5
configure:3594: $? = 0
configure:3615: result: o
configure:3619: checking whether we are using the GNU C compiler
configure:3638: gcc -c   -DINSTALL_DIR='"$(prefix)"' conftest.c >&5
configure:3638: $? = 0
configure:3647: result: yes
configure:3656: checking whether gcc accepts -g
configure:3676: gcc -c -g  -DINSTALL_DIR='"$(prefix)"' conftest.c >&5
configure:3676: $? = 0
configure:3717: result: yes
configure:3734: checking for gcc option to accept ISO C89
configure:3797: gcc  -c -g -O2  -DINSTALL_DIR='"$(prefix)"' conftest.c >&5
configure:3797: $? = 0
configure:3810: result: none needed
configure:3835: checking whether gcc understands -c and -o together
configure:3857: gcc -c conftest.c -o conftest2.o
configure:3860: $? = 0
configure:3857: gcc -c conftest.c -o conftest2.o
configure:3860: $? = 0
configure:3872: result: yes
configure:3892: checking whether make supports the include directive
configure:3907: make -f confmf.GNU && cat confinc.out
this is the am__doit target
configure:3910: $? = 0
configure:3929: result: yes (GNU style)
configure:3954: checking dependency style of gcc
configure:4065: result: gcc3
configure:4138: checking for g++
configure:4154: found /usr/bin/g++
configure:4165: result: g++
configure:4192: checking for C++ compiler version
configure:4201: g++ --version >&5
g++ (Ubuntu 9.3.0-10ubuntu2) 9.3.0
Copyright (C) 2019 Free Software Foundation, Inc.
This is free software; see the source for copying conditions.  There is NO
warranty; not even for MERCHANTABILITY or FITNESS FOR A PARTICULAR PURPOSE.

configure:4212: $? = 0
configure:4201: g++ -v >&5
Using built-in specs.
COLLECT_GCC=g++
COLLECT_LTO_WRAPPER=/usr/lib/gcc/x86_64-linux-gnu/9/lto-wrapper
OFFLOAD_TARGET_NAMES=nvptx-none:hsa
OFFLOAD_TARGET_DEFAULT=1
Target: x86_64-linux-gnu
Configured with: ../src/configure -v --with-pkgversion='Ubuntu 9.3.0-10ubuntu2' --with-bugurl=file:///usr/share/doc/gcc-9/README.Bugs --enable-languages=c,ada,c++,go,brig,d,fortran,objc,obj-c++,gm2 --prefix=/usr --with-gcc-major-version-only --program-suffix=-9 --program-prefix=x86_64-linux-gnu- --enable-shared --enable-linker-build-id --libexecdir=/usr/lib --without-included-gettext --enable-threads=posix --libdir=/usr/lib --enable-nls --enable-clocale=gnu --enable-libstdcxx-debug --enable-libstdcxx-time=yes --with-default-libstdcxx-abi=new --enable-gnu-unique-object --disable-vtable-verify --enable-plugin --enable-default-pie --with-system-zlib --with-target-system-zlib=auto --enable-objc-gc=auto --enable-multiarch --disable-werror --with-arch-32=i686 --with-abi=m64 --with-multilib-list=m32,m64,mx32 --enable-multilib --with-tune=generic --enable-offload-targets=nvptx-none,hsa --without-cuda-driver --enable-checking=release --build=x86_64-linux-gnu --host=x86_64-linux-gnu --target=x86_64-linux-gnu
Thread model: posix
gcc version 9.3.0 (Ubuntu 9.3.0-10ubuntu2) 
configure:4212: $? = 0
configure:4201: g++ -V >&5
g++: error: unrecognized command line option '-V'
g++: fatal error: no input files
compilation terminated.
configure:4212: $? = 1
configure:4201: g++ -qversion >&5
g++: error: unrecognized command line option '-qversion'; did you mean '--version'?
g++: fatal error: no input files
compilation terminated.
configure:4212: $? = 1
configure:4216: checking whether we are using the GNU C++ compiler
configure:4235: g++ -c   -DINSTALL_DIR='"$(prefix)"' conftest.cpp >&5
configure:4235: $? = 0
configure:4244: result: yes
configure:4253: checking whether g++ accepts -g
configure:4273: g++ -c -g  -DINSTALL_DIR='"$(prefix)"' conftest.cpp >&5
configure:4273: $? = 0
configure:4314: result: yes
configure:4339: checking dependency style of g++
configure:4450: result: gcc3
configure:4476: checking for sin in -lm
configure:4501: gcc -o conftest -g -O2  -DINSTALL_DIR='"$(prefix)"'  conftest.c -lm   >&5
conftest.c:18:6: warning: conflicting types for built-in function 'sin'; expected 'double(double)' [-Wbuiltin-declaration-mismatch]
   18 | char sin ();
      |      ^~~
conftest.c:1:1: note: 'sin' is declared in header '<math.h>'
    1 | /* confdefs.h */
configure:4501: $? = 0
configure:4510: result: yes
configure:4523: checking how to run the C preprocessor
configure:4554: gcc -E  -DINSTALL_DIR='"$(prefix)"' conftest.c
configure:4554: $? = 0
configure:4568: gcc -E  -DINSTALL_DIR='"$(prefix)"' conftest.c
conftest.c:11:10: fatal error: ac_nonexistent.h: No such file or directory
   11 | #include <ac_nonexistent.h>
      |          ^~~~~~~~~~~~~~~~~~
compilation terminated.
configure:4568: $? = 1
configure: failed program was:
| /* confdefs.h */
| #define PACKAGE_NAME ""
| #define PACKAGE_TARNAME ""
| #define PACKAGE_VERSION ""
| #define PACKAGE_STRING ""
| #define PACKAGE_BUGREPORT ""
| #define PACKAGE_URL ""
| #define PACKAGE "ppremake"
| #define VERSION "1.22"
| /* end confdefs.h.  */
| #include <ac_nonexistent.h>
configure:4593: result: gcc -E
configure:4613: gcc -E  -DINSTALL_DIR='"$(prefix)"' conftest.c
configure:4613: $? = 0
configure:4627: gcc -E  -DINSTALL_DIR='"$(prefix)"' conftest.c
conftest.c:11:10: fatal error: ac_nonexistent.h: No such file or directory
   11 | #include <ac_nonexistent.h>
      |          ^~~~~~~~~~~~~~~~~~
compilation terminated.
configure:4627: $? = 1
configure: failed program was:
| /* confdefs.h */
| #define PACKAGE_NAME ""
| #define PACKAGE_TARNAME ""
| #define PACKAGE_VERSION ""
| #define PACKAGE_STRING ""
| #define PACKAGE_BUGREPORT ""
| #define PACKAGE_URL ""
| #define PACKAGE "ppremake"
| #define VERSION "1.22"
| /* end confdefs.h.  */
| #include <ac_nonexistent.h>
configure:4656: checking for grep that handles long lines and -e
configure:4714: result: /bin/grep
configure:4719: checking for egrep
configure:4781: result: /bin/grep -E
configure:4786: checking for ANSI C header files
configure:4806: gcc -c -g -O2  -DINSTALL_DIR='"$(prefix)"' conftest.c >&5
configure:4806: $? = 0
configure:4879: gcc -o conftest -g -O2  -DINSTALL_DIR='"$(prefix)"'  conftest.c  >&5
configure:4879: $? = 0
configure:4879: ./conftest
configure:4879: $? = 0
configure:4890: result: yes
configure:4903: checking for sys/types.h
configure:4903: gcc -c -g -O2  -DINSTALL_DIR='"$(prefix)"' conftest.c >&5
configure:4903: $? = 0
configure:4903: result: yes
configure:4903: checking for sys/stat.h
configure:4903: gcc -c -g -O2  -DINSTALL_DIR='"$(prefix)"' conftest.c >&5
configure:4903: $? = 0
configure:4903: result: yes
configure:4903: checking for stdlib.h
configure:4903: gcc -c -g -O2  -DINSTALL_DIR='"$(prefix)"' conftest.c >&5
configure:4903: $? = 0
configure:4903: result: yes
configure:4903: checking for string.h
configure:4903: gcc -c -g -O2  -DINSTALL_DIR='"$(prefix)"' conftest.c >&5
configure:4903: $? = 0
configure:4903: result: yes
configure:4903: checking for memory.h
configure:4903: gcc -c -g -O2  -DINSTALL_DIR='"$(prefix)"' conftest.c >&5
configure:4903: $? = 0
configure:4903: result: yes
configure:4903: checking for strings.h
configure:4903: gcc -c -g -O2  -DINSTALL_DIR='"$(prefix)"' conftest.c >&5
configure:4903: $? = 0
configure:4903: result: yes
configure:4903: checking for inttypes.h
configure:4903: gcc -c -g -O2  -DINSTALL_DIR='"$(prefix)"' conftest.c >&5
configure:4903: $? = 0
configure:4903: result: yes
configure:4903: checking for stdint.h
configure:4903: gcc -c -g -O2  -DINSTALL_DIR='"$(prefix)"' conftest.c >&5
configure:4903: $? = 0
configure:4903: result: yes
configure:4903: checking for unistd.h
configure:4903: gcc -c -g -O2  -DINSTALL_DIR='"$(prefix)"' conftest.c >&5
configure:4903: $? = 0
configure:4903: result: yes
configure:4918: checking malloc.h usability
configure:4918: gcc -c -g -O2  -DINSTALL_DIR='"$(prefix)"' conftest.c >&5
configure:4918: $? = 0
configure:4918: result: yes
configure:4918: checking malloc.h presence
configure:4918: gcc -E  -DINSTALL_DIR='"$(prefix)"' conftest.c
configure:4918: $? = 0
configure:4918: result: yes
configure:4918: checking for malloc.h
configure:4918: result: yes
configure:4918: checking alloca.h usability
configure:4918: gcc -c -g -O2  -DINSTALL_DIR='"$(prefix)"' conftest.c >&5
configure:4918: $? = 0
configure:4918: result: yes
configure:4918: checking alloca.h presence
configure:4918: gcc -E  -DINSTALL_DIR='"$(prefix)"' conftest.c
configure:4918: $? = 0
configure:4918: result: yes
configure:4918: checking for alloca.h
configure:4918: result: yes
configure:4918: checking for unistd.h
configure:4918: result: yes
configure:4918: checking utime.h usability
configure:4918: gcc -c -g -O2  -DINSTALL_DIR='"$(prefix)"' conftest.c >&5
configure:4918: $? = 0
configure:4918: result: yes
configure:4918: checking utime.h presence
configure:4918: gcc -E  -DINSTALL_DIR='"$(prefix)"' conftest.c
configure:4918: $? = 0
configure:4918: result: yes
configure:4918: checking for utime.h
configure:4918: result: yes
configure:4918: checking io.h usability
configure:4918: gcc -c -g -O2  -DINSTALL_DIR='"$(prefix)"' conftest.c >&5
conftest.c:58:10: fatal error: io.h: No such file or directory
   58 | #include <io.h>
      |          ^~~~~~
compilation terminated.
configure:4918: $? = 1
configure: failed program was:
| /* confdefs.h */
| #define PACKAGE_NAME ""
| #define PACKAGE_TARNAME ""
| #define PACKAGE_VERSION ""
| #define PACKAGE_STRING ""
| #define PACKAGE_BUGREPORT ""
| #define PACKAGE_URL ""
| #define PACKAGE "ppremake"
| #define VERSION "1.22"
| #define STDC_HEADERS 1
| #define HAVE_SYS_TYPES_H 1
| #define HAVE_SYS_STAT_H 1
| #define HAVE_STDLIB_H 1
| #define HAVE_STRING_H 1
| #define HAVE_MEMORY_H 1
| #define HAVE_STRINGS_H 1
| #define HAVE_INTTYPES_H 1
| #define HAVE_STDINT_H 1
| #define HAVE_UNISTD_H 1
| #define HAVE_MALLOC_H 1
| #define HAVE_ALLOCA_H 1
| #define HAVE_UNISTD_H 1
| #define HAVE_UTIME_H 1
| /* end confdefs.h.  */
| #include <stdio.h>
| #ifdef HAVE_SYS_TYPES_H
| # include <sys/types.h>
| #endif
| #ifdef HAVE_SYS_STAT_H
| # include <sys/stat.h>
| #endif
| #ifdef STDC_HEADERS
| # include <stdlib.h>
| # include <stddef.h>
| #else
| # ifdef HAVE_STDLIB_H
| #  include <stdlib.h>
| # endif
| #endif
| #ifdef HAVE_STRING_H
| # if !defined STDC_HEADERS && defined HAVE_MEMORY_H
| #  include <memory.h>
| # endif
| # include <string.h>
| #endif
| #ifdef HAVE_STRINGS_H
| # include <strings.h>
| #endif
| #ifdef HAVE_INTTYPES_H
| # include <inttypes.h>
| #endif
| #ifdef HAVE_STDINT_H
| # include <stdint.h>
| #endif
| #ifdef HAVE_UNISTD_H
| # include <unistd.h>
| #endif
| #include <io.h>
configure:4918: result: no
configure:4918: checking io.h presence
configure:4918: gcc -E  -DINSTALL_DIR='"$(prefix)"' conftest.c
conftest.c:25:10: fatal error: io.h: No such file or directory
   25 | #include <io.h>
      |          ^~~~~~
compilation terminated.
configure:4918: $? = 1
configure: failed program was:
| /* confdefs.h */
| #define PACKAGE_NAME ""
| #define PACKAGE_TARNAME ""
| #define PACKAGE_VERSION ""
| #define PACKAGE_STRING ""
| #define PACKAGE_BUGREPORT ""
| #define PACKAGE_URL ""
| #define PACKAGE "ppremake"
| #define VERSION "1.22"
| #define STDC_HEADERS 1
| #define HAVE_SYS_TYPES_H 1
| #define HAVE_SYS_STAT_H 1
| #define HAVE_STDLIB_H 1
| #define HAVE_STRING_H 1
| #define HAVE_MEMORY_H 1
| #define HAVE_STRINGS_H 1
| #define HAVE_INTTYPES_H 1
| #define HAVE_STDINT_H 1
| #define HAVE_UNISTD_H 1
| #define HAVE_MALLOC_H 1
| #define HAVE_ALLOCA_H 1
| #define HAVE_UNISTD_H 1
| #define HAVE_UTIME_H 1
| /* end confdefs.h.  */
| #include <io.h>
configure:4918: result: no
configure:4918: checking for io.h
configure:4918: result: no
configure:4918: checking minmax.h usability
configure:4918: gcc -c -g -O2  -DINSTALL_DIR='"$(prefix)"' conftest.c >&5
conftest.c:58:10: fatal error: minmax.h: No such file or directory
   58 | #include <minmax.h>
      |          ^~~~~~~~~~
compilation terminated.
configure:4918: $? = 1
configure: failed program was:
| /* confdefs.h */
| #define PACKAGE_NAME ""
| #define PACKAGE_TARNAME ""
| #define PACKAGE_VERSION ""
| #define PACKAGE_STRING ""
| #define PACKAGE_BUGREPORT ""
| #define PACKAGE_URL ""
| #define PACKAGE "ppremake"
| #define VERSION "1.22"
| #define STDC_HEADERS 1
| #define HAVE_SYS_TYPES_H 1
| #define HAVE_SYS_STAT_H 1
| #define HAVE_STDLIB_H 1
| #define HAVE_STRING_H 1
| #define HAVE_MEMORY_H 1
| #define HAVE_STRINGS_H 1
| #define HAVE_INTTYPES_H 1
| #define HAVE_STDINT_H 1
| #define HAVE_UNISTD_H 1
| #define HAVE_MALLOC_H 1
| #define HAVE_ALLOCA_H 1
| #define HAVE_UNISTD_H 1
| #define HAVE_UTIME_H 1
| /* end confdefs.h.  */
| #include <stdio.h>
| #ifdef HAVE_SYS_TYPES_H
| # include <sys/types.h>
| #endif
| #ifdef HAVE_SYS_STAT_H
| # include <sys/stat.h>
| #endif
| #ifdef STDC_HEADERS
| # include <stdlib.h>
| # include <stddef.h>
| #else
| # ifdef HAVE_STDLIB_H
| #  include <stdlib.h>
| # endif
| #endif
| #ifdef HAVE_STRING_H
| # if !defined STDC_HEADERS && defined HAVE_MEMORY_H
| #  include <memory.h>
| # endif
| # include <string.h>
| #endif
| #ifdef HAVE_STRINGS_H
| # include <strings.h>
| #endif
| #ifdef HAVE_INTTYPES_H
| # include <inttypes.h>
| #endif
| #ifdef HAVE_STDINT_H
| # include <stdint.h>
| #endif
| #ifdef HAVE_UNISTD_H
| # include <unistd.h>
| #endif
| #include <minmax.h>
configure:4918: result: no
configure:4918: checking minmax.h presence
configure:4918: gcc -E  -DINSTALL_DIR='"$(prefix)"' conftest.c
conftest.c:25:10: fatal error: minmax.h: No such file or directory
   25 | #include <minmax.h>
      |          ^~~~~~~~~~
compilation terminated.
configure:4918: $? = 1
configure: failed program was:
| /* confdefs.h */
| #define PACKAGE_NAME ""
| #define PACKAGE_TARNAME ""
| #define PACKAGE_VERSION ""
| #define PACKAGE_STRING ""
| #define PACKAGE_BUGREPORT ""
| #define PACKAGE_URL ""
| #define PACKAGE "ppremake"
| #define VERSION "1.22"
| #define STDC_HEADERS 1
| #define HAVE_SYS_TYPES_H 1
| #define HAVE_SYS_STAT_H 1
| #define HAVE_STDLIB_H 1
| #define HAVE_STRING_H 1
| #define HAVE_MEMORY_H 1
| #define HAVE_STRINGS_H 1
| #define HAVE_INTTYPES_H 1
| #define HAVE_STDINT_H 1
| #define HAVE_UNISTD_H 1
| #define HAVE_MALLOC_H 1
| #define HAVE_ALLOCA_H 1
| #define HAVE_UNISTD_H 1
| #define HAVE_UTIME_H 1
| /* end confdefs.h.  */
| #include <minmax.h>
configure:4918: result: no
configure:4918: checking for minmax.h
configure:4918: result: no
configure:4918: checking dirent.h usability
configure:4918: gcc -c -g -O2  -DINSTALL_DIR='"$(prefix)"' conftest.c >&5
configure:4918: $? = 0
configure:4918: result: yes
configure:4918: checking dirent.h presence
configure:4918: gcc -E  -DINSTALL_DIR='"$(prefix)"' conftest.c
configure:4918: $? = 0
configure:4918: result: yes
configure:4918: checking for dirent.h
configure:4918: result: yes
configure:4918: checking glob.h usability
configure:4918: gcc -c -g -O2  -DINSTALL_DIR='"$(prefix)"' conftest.c >&5
configure:4918: $? = 0
configure:4918: result: yes
configure:4918: checking glob.h presence
configure:4918: gcc -E  -DINSTALL_DIR='"$(prefix)"' conftest.c
configure:4918: $? = 0
configure:4918: result: yes
configure:4918: checking for glob.h
configure:4918: result: yes
configure:4918: checking for sys/types.h
configure:4918: result: yes
configure:4918: checking sys/time.h usability
configure:4918: gcc -c -g -O2  -DINSTALL_DIR='"$(prefix)"' conftest.c >&5
configure:4918: $? = 0
configure:4918: result: yes
configure:4918: checking sys/time.h presence
configure:4918: gcc -E  -DINSTALL_DIR='"$(prefix)"' conftest.c
configure:4918: $? = 0
configure:4918: result: yes
configure:4918: checking for sys/time.h
configure:4918: result: yes
configure:4918: checking sys/utime.h usability
configure:4918: gcc -c -g -O2  -DINSTALL_DIR='"$(prefix)"' conftest.c >&5
conftest.c:62:10: fatal error: sys/utime.h: No such file or directory
   62 | #include <sys/utime.h>
      |          ^~~~~~~~~~~~~
compilation terminated.
configure:4918: $? = 1
configure: failed program was:
| /* confdefs.h */
| #define PACKAGE_NAME ""
| #define PACKAGE_TARNAME ""
| #define PACKAGE_VERSION ""
| #define PACKAGE_STRING ""
| #define PACKAGE_BUGREPORT ""
| #define PACKAGE_URL ""
| #define PACKAGE "ppremake"
| #define VERSION "1.22"
| #define STDC_HEADERS 1
| #define HAVE_SYS_TYPES_H 1
| #define HAVE_SYS_STAT_H 1
| #define HAVE_STDLIB_H 1
| #define HAVE_STRING_H 1
| #define HAVE_MEMORY_H 1
| #define HAVE_STRINGS_H 1
| #define HAVE_INTTYPES_H 1
| #define HAVE_STDINT_H 1
| #define HAVE_UNISTD_H 1
| #define HAVE_MALLOC_H 1
| #define HAVE_ALLOCA_H 1
| #define HAVE_UNISTD_H 1
| #define HAVE_UTIME_H 1
| #define HAVE_DIRENT_H 1
| #define HAVE_GLOB_H 1
| #define HAVE_SYS_TYPES_H 1
| #define HAVE_SYS_TIME_H 1
| /* end confdefs.h.  */
| #include <stdio.h>
| #ifdef HAVE_SYS_TYPES_H
| # include <sys/types.h>
| #endif
| #ifdef HAVE_SYS_STAT_H
| # include <sys/stat.h>
| #endif
| #ifdef STDC_HEADERS
| # include <stdlib.h>
| # include <stddef.h>
| #else
| # ifdef HAVE_STDLIB_H
| #  include <stdlib.h>
| # endif
| #endif
| #ifdef HAVE_STRING_H
| # if !defined STDC_HEADERS && defined HAVE_MEMORY_H
| #  include <memory.h>
| # endif
| # include <string.h>
| #endif
| #ifdef HAVE_STRINGS_H
| # include <strings.h>
| #endif
| #ifdef HAVE_INTTYPES_H
| # include <inttypes.h>
| #endif
| #ifdef HAVE_STDINT_H
| # include <stdint.h>
| #endif
| #ifdef HAVE_UNISTD_H
| # include <unistd.h>
| #endif
| #include <sys/utime.h>
configure:4918: result: no
configure:4918: checking sys/utime.h presence
configure:4918: gcc -E  -DINSTALL_DIR='"$(prefix)"' conftest.c
conftest.c:29:10: fatal error: sys/utime.h: No such file or directory
   29 | #include <sys/utime.h>
      |          ^~~~~~~~~~~~~
compilation terminated.
configure:4918: $? = 1
configure: failed program was:
| /* confdefs.h */
| #define PACKAGE_NAME ""
| #define PACKAGE_TARNAME ""
| #define PACKAGE_VERSION ""
| #define PACKAGE_STRING ""
| #define PACKAGE_BUGREPORT ""
| #define PACKAGE_URL ""
| #define PACKAGE "ppremake"
| #define VERSION "1.22"
| #define STDC_HEADERS 1
| #define HAVE_SYS_TYPES_H 1
| #define HAVE_SYS_STAT_H 1
| #define HAVE_STDLIB_H 1
| #define HAVE_STRING_H 1
| #define HAVE_MEMORY_H 1
| #define HAVE_STRINGS_H 1
| #define HAVE_INTTYPES_H 1
| #define HAVE_STDINT_H 1
| #define HAVE_UNISTD_H 1
| #define HAVE_MALLOC_H 1
| #define HAVE_ALLOCA_H 1
| #define HAVE_UNISTD_H 1
| #define HAVE_UTIME_H 1
| #define HAVE_DIRENT_H 1
| #define HAVE_GLOB_H 1
| #define HAVE_SYS_TYPES_H 1
| #define HAVE_SYS_TIME_H 1
| /* end confdefs.h.  */
| #include <sys/utime.h>
configure:4918: result: no
configure:4918: checking for sys/utime.h
configure:4918: result: no
configure:4918: checking sys/wait.h usability
configure:4918: gcc -c -g -O2  -DINSTALL_DIR='"$(prefix)"' conftest.c >&5
configure:4918: $? = 0
configure:4918: result: yes
configure:4918: checking sys/wait.h presence
configure:4918: gcc -E  -DINSTALL_DIR='"$(prefix)"' conftest.c
configure:4918: $? = 0
configure:4918: result: yes
configure:4918: checking for sys/wait.h
configure:4918: result: yes
configure:4918: checking for string.h
configure:4918: result: yes
configure:4918: checking regex.h usability
configure:4918: gcc -c -g -O2  -DINSTALL_DIR='"$(prefix)"' conftest.c >&5
configure:4918: $? = 0
configure:4918: result: yes
configure:4918: checking regex.h presence
configure:4918: gcc -E  -DINSTALL_DIR='"$(prefix)"' conftest.c
configure:4918: $? = 0
configure:4918: result: yes
configure:4918: checking for regex.h
configure:4918: result: yes
configure:4918: checking getopt.h usability
configure:4918: gcc -c -g -O2  -DINSTALL_DIR='"$(prefix)"' conftest.c >&5
configure:4918: $? = 0
configure:4918: result: yes
configure:4918: checking getopt.h presence
configure:4918: gcc -E  -DINSTALL_DIR='"$(prefix)"' conftest.c
configure:4918: $? = 0
configure:4918: result: yes
configure:4918: checking for getopt.h
configure:4918: result: yes
configure:4932: checking for getopt
configure:4932: gcc -o conftest -g -O2  -DINSTALL_DIR='"$(prefix)"'  conftest.c  >&5
configure:4932: $? = 0
configure:4932: result: yes
configure:4955: checking how to run the C++ preprocessor
configure:4982: g++ -E  -DINSTALL_DIR='"$(prefix)"' conftest.cpp
configure:4982: $? = 0
configure:4996: g++ -E  -DINSTALL_DIR='"$(prefix)"' conftest.cpp
conftest.cpp:34:10: fatal error: ac_nonexistent.h: No such file or directory
   34 | #include <ac_nonexistent.h>
      |          ^~~~~~~~~~~~~~~~~~
compilation terminated.
configure:4996: $? = 1
configure: failed program was:
| /* confdefs.h */
| #define PACKAGE_NAME ""
| #define PACKAGE_TARNAME ""
| #define PACKAGE_VERSION ""
| #define PACKAGE_STRING ""
| #define PACKAGE_BUGREPORT ""
| #define PACKAGE_URL ""
| #define PACKAGE "ppremake"
| #define VERSION "1.22"
| #define STDC_HEADERS 1
| #define HAVE_SYS_TYPES_H 1
| #define HAVE_SYS_STAT_H 1
| #define HAVE_STDLIB_H 1
| #define HAVE_STRING_H 1
| #define HAVE_MEMORY_H 1
| #define HAVE_STRINGS_H 1
| #define HAVE_INTTYPES_H 1
| #define HAVE_STDINT_H 1
| #define HAVE_UNISTD_H 1
| #define HAVE_MALLOC_H 1
| #define HAVE_ALLOCA_H 1
| #define HAVE_UNISTD_H 1
| #define HAVE_UTIME_H 1
| #define HAVE_DIRENT_H 1
| #define HAVE_GLOB_H 1
| #define HAVE_SYS_TYPES_H 1
| #define HAVE_SYS_TIME_H 1
| #define HAVE_SYS_WAIT_H 1
| #define HAVE_STRING_H 1
| #define HAVE_REGEX_H 1
| #define HAVE_GETOPT_H 1
| #define HAVE_GETOPT 1
| /* end confdefs.h.  */
| #include <ac_nonexistent.h>
configure:5021: result: g++ -E
configure:5041: g++ -E  -DINSTALL_DIR='"$(prefix)"' conftest.cpp
configure:5041: $? = 0
configure:5055: g++ -E  -DINSTALL_DIR='"$(prefix)"' conftest.cpp
conftest.cpp:34:10: fatal error: ac_nonexistent.h: No such file or directory
   34 | #include <ac_nonexistent.h>
      |          ^~~~~~~~~~~~~~~~~~
compilation terminated.
configure:5055: $? = 1
configure: failed program was:
| /* confdefs.h */
| #define PACKAGE_NAME ""
| #define PACKAGE_TARNAME ""
| #define PACKAGE_VERSION ""
| #define PACKAGE_STRING ""
| #define PACKAGE_BUGREPORT ""
| #define PACKAGE_URL ""
| #define PACKAGE "ppremake"
| #define VERSION "1.22"
| #define STDC_HEADERS 1
| #define HAVE_SYS_TYPES_H 1
| #define HAVE_SYS_STAT_H 1
| #define HAVE_STDLIB_H 1
| #define HAVE_STRING_H 1
| #define HAVE_MEMORY_H 1
| #define HAVE_STRINGS_H 1
| #define HAVE_INTTYPES_H 1
| #define HAVE_STDINT_H 1
| #define HAVE_UNISTD_H 1
| #define HAVE_MALLOC_H 1
| #define HAVE_ALLOCA_H 1
| #define HAVE_UNISTD_H 1
| #define HAVE_UTIME_H 1
| #define HAVE_DIRENT_H 1
| #define HAVE_GLOB_H 1
| #define HAVE_SYS_TYPES_H 1
| #define HAVE_SYS_TIME_H 1
| #define HAVE_SYS_WAIT_H 1
| #define HAVE_STRING_H 1
| #define HAVE_REGEX_H 1
| #define HAVE_GETOPT_H 1
| #define HAVE_GETOPT 1
| /* end confdefs.h.  */
| #include <ac_nonexistent.h>
configure:5086: checking iostream usability
configure:5086: g++ -c -g -O2  -DINSTALL_DIR='"$(prefix)"' conftest.cpp >&5
configure:5086: $? = 0
configure:5086: result: yes
configure:5086: checking iostream presence
configure:5086: g++ -E  -DINSTALL_DIR='"$(prefix)"' conftest.cpp
configure:5086: $? = 0
configure:5086: result: yes
configure:5086: checking for iostream
configure:5086: result: yes
configure:5100: checking sstream usability
configure:5100: g++ -c -g -O2  -DINSTALL_DIR='"$(prefix)"' conftest.cpp >&5
configure:5100: $? = 0
configure:5100: result: yes
configure:5100: checking sstream presence
configure:5100: g++ -E  -DINSTALL_DIR='"$(prefix)"' conftest.cpp
configure:5100: $? = 0
configure:5100: result: yes
configure:5100: checking for sstream
configure:5100: result: yes
configure:5112: checking for compiler namespace support
configure:5129: g++ -c -g -O2  -DINSTALL_DIR='"$(prefix)"' conftest.cpp >&5
configure:5129: $? = 0
configure:5136: result: yes
configure:5144: checking for ios::binary
configure:5166: g++ -c -g -O2  -DINSTALL_DIR='"$(prefix)"' conftest.cpp >&5
configure:5166: $? = 0
configure:5198: result: yes
configure:5206: checking for third umask parameter to open
configure:5228: g++ -c -g -O2  -DINSTALL_DIR='"$(prefix)"' conftest.cpp >&5
conftest.cpp: In function 'int main()':
conftest.cpp:45:53: error: no matching function for call to 'std::basic_ofstream<char>::open(const char [4], const openmode&, int)'
   45 |   std::ofstream x; x.open("foo", std::ios::out, 0666);
      |                                                     ^
In file included from conftest.cpp:39:
/usr/include/c++/9/fstream:921:7: note: candidate: 'void std::basic_ofstream<_CharT, _Traits>::open(const char*, std::ios_base::openmode) [with _CharT = char; _Traits = std::char_traits<char>; std::ios_base::openmode = std::_Ios_Openmode]'
  921 |       open(const char* __s, ios_base::openmode __mode = ios_base::out)
      |       ^~~~
/usr/include/c++/9/fstream:921:7: note:   candidate expects 2 arguments, 3 provided
/usr/include/c++/9/fstream:960:7: note: candidate: 'void std::basic_ofstream<_CharT, _Traits>::open(const string&, std::ios_base::openmode) [with _CharT = char; _Traits = std::char_traits<char>; std::string = std::__cxx11::basic_string<char>; std::ios_base::openmode = std::_Ios_Openmode]'
  960 |       open(const std::string& __s, ios_base::openmode __mode = ios_base::out)
      |       ^~~~
/usr/include/c++/9/fstream:960:7: note:   candidate expects 2 arguments, 3 provided
configure:5228: $? = 1
configure: failed program was:
| /* confdefs.h */
| #define PACKAGE_NAME ""
| #define PACKAGE_TARNAME ""
| #define PACKAGE_VERSION ""
| #define PACKAGE_STRING ""
| #define PACKAGE_BUGREPORT ""
| #define PACKAGE_URL ""
| #define PACKAGE "ppremake"
| #define VERSION "1.22"
| #define STDC_HEADERS 1
| #define HAVE_SYS_TYPES_H 1
| #define HAVE_SYS_STAT_H 1
| #define HAVE_STDLIB_H 1
| #define HAVE_STRING_H 1
| #define HAVE_MEMORY_H 1
| #define HAVE_STRINGS_H 1
| #define HAVE_INTTYPES_H 1
| #define HAVE_STDINT_H 1
| #define HAVE_UNISTD_H 1
| #define HAVE_MALLOC_H 1
| #define HAVE_ALLOCA_H 1
| #define HAVE_UNISTD_H 1
| #define HAVE_UTIME_H 1
| #define HAVE_DIRENT_H 1
| #define HAVE_GLOB_H 1
| #define HAVE_SYS_TYPES_H 1
| #define HAVE_SYS_TIME_H 1
| #define HAVE_SYS_WAIT_H 1
| #define HAVE_STRING_H 1
| #define HAVE_REGEX_H 1
| #define HAVE_GETOPT_H 1
| #define HAVE_GETOPT 1
| #define HAVE_IOSTREAM 1
| #define HAVE_SSTREAM 1
| #define HAVE_NAMESPACE 1
| #define HAVE_IOS_BINARY 1
| /* end confdefs.h.  */
| 
| #include <fstream>
| 
| int
| main ()
| {
| 
|   std::ofstream x; x.open("foo", std::ios::out, 0666);
| 
|   ;
|   return 0;
| }
configure:5260: result: no
configure:5418: checking that generated files are newer than configure
configure:5424: result: done
configure:5451: creating ./config.status

## ---------------------- ##
## Running config.status. ##
## ---------------------- ##

This file was extended by config.status, which was
generated by GNU Autoconf 2.69.  Invocation command line was

  CONFIG_FILES    = 
  CONFIG_HEADERS  = 
  CONFIG_LINKS    = 
  CONFIG_COMMANDS = 
  $ ./config.status 

on lachbr-G7-7588

config.status:883: creating Makefile
config.status:883: creating config.h
config.status:1112: executing depfiles commands
config.status:1189: cd .       && sed -e '/# am--include-marker/d' Makefile         | make -f - am--depfiles
config.status:1194: $? = 0

## ---------------- ##
## Cache variables. ##
## ---------------- ##

ac_cv_build=x86_64-pc-linux-gnu
ac_cv_c_compiler_gnu=yes
ac_cv_cxx_compiler_gnu=yes
ac_cv_env_CCC_set=
ac_cv_env_CCC_value=
ac_cv_env_CC_set=
ac_cv_env_CC_value=
ac_cv_env_CFLAGS_set=
ac_cv_env_CFLAGS_value=
ac_cv_env_CPPFLAGS_set=
ac_cv_env_CPPFLAGS_value=
ac_cv_env_CPP_set=
ac_cv_env_CPP_value=
ac_cv_env_CXXCPP_set=
ac_cv_env_CXXCPP_value=
ac_cv_env_CXXFLAGS_set=
ac_cv_env_CXXFLAGS_value=
ac_cv_env_CXX_set=
ac_cv_env_CXX_value=
ac_cv_env_LDFLAGS_set=
ac_cv_env_LDFLAGS_value=
ac_cv_env_LIBS_set=
ac_cv_env_LIBS_value=
ac_cv_env_build_alias_set=
ac_cv_env_build_alias_value=
ac_cv_env_host_alias_set=
ac_cv_env_host_alias_value=
ac_cv_env_target_alias_set=
ac_cv_env_target_alias_value=
ac_cv_func_getopt=yes
ac_cv_header_alloca_h=yes
ac_cv_header_dirent_h=yes
ac_cv_header_getopt_h=yes
ac_cv_header_glob_h=yes
ac_cv_header_inttypes_h=yes
ac_cv_header_io_h=no
ac_cv_header_iostream=yes
ac_cv_header_malloc_h=yes
ac_cv_header_memory_h=yes
ac_cv_header_minmax_h=no
ac_cv_header_regex_h=yes
ac_cv_header_sstream=yes
ac_cv_header_stdc=yes
ac_cv_header_stdint_h=yes
ac_cv_header_stdlib_h=yes
ac_cv_header_string_h=yes
ac_cv_header_strings_h=yes
ac_cv_header_sys_stat_h=yes
ac_cv_header_sys_time_h=yes
ac_cv_header_sys_types_h=yes
ac_cv_header_sys_utime_h=no
ac_cv_header_sys_wait_h=yes
ac_cv_header_unistd_h=yes
ac_cv_header_utime_h=yes
ac_cv_host=x86_64-pc-linux-gnu
ac_cv_ios_binary=yes
ac_cv_lib_m_sin=yes
ac_cv_namespace=yes
ac_cv_objext=o
ac_cv_open_mask=no
ac_cv_path_EGREP='/bin/grep -E'
ac_cv_path_GREP=/bin/grep
ac_cv_path_install='/usr/bin/install -c'
ac_cv_path_mkdir=/bin/mkdir
ac_cv_prog_AWK=gawk
ac_cv_prog_CPP='gcc -E'
ac_cv_prog_CXXCPP='g++ -E'
ac_cv_prog_ac_ct_CC=gcc
ac_cv_prog_ac_ct_CXX=g++
ac_cv_prog_cc_c89=
ac_cv_prog_cc_g=yes
ac_cv_prog_cxx_g=yes
ac_cv_prog_make_make_set=yes
am_cv_CC_dependencies_compiler_type=gcc3
am_cv_CXX_dependencies_compiler_type=gcc3
am_cv_make_support_nested_variables=yes
am_cv_prog_cc_c_o=yes

## ----------------- ##
## Output variables. ##
## ----------------- ##

ACLOCAL='${SHELL} /home/lachbr/player/ppremake/missing aclocal-1.16'
AMDEPBACKSLASH='\'
AMDEP_FALSE='#'
AMDEP_TRUE=''
AMTAR='$${TAR-tar}'
AM_BACKSLASH='\'
AM_DEFAULT_V='$(AM_DEFAULT_VERBOSITY)'
AM_DEFAULT_VERBOSITY='1'
AM_V='$(V)'
AUTOCONF='${SHELL} /home/lachbr/player/ppremake/missing autoconf'
AUTOHEADER='${SHELL} /home/lachbr/player/ppremake/missing autoheader'
AUTOMAKE='${SHELL} /home/lachbr/player/ppremake/missing automake-1.16'
AWK='gawk'
CC='gcc'
CCDEPMODE='depmode=gcc3'
CFLAGS='-g -O2'
CPP='gcc -E'
CPPFLAGS=' -DINSTALL_DIR='\''"$(prefix)"'\'''
CXX='g++'
CXXCPP='g++ -E'
CXXDEPMODE='depmode=gcc3'
CXXFLAGS='-g -O2'
CYGPATH_W='echo'
DEFS='-DHAVE_CONFIG_H'
DEPDIR='.deps'
ECHO_C=''
ECHO_N='-n'
ECHO_T=''
EGREP='/bin/grep -E'
EXEEXT=''
GREP='/bin/grep'
INSTALL_DATA='${INSTALL} -m 644'
INSTALL_PROGRAM='${INSTALL}'
INSTALL_SCRIPT='${INSTALL}'
INSTALL_STRIP_PROGRAM='$(install_sh) -c -s'
LDFLAGS=''
LIBOBJS=''
LIBS=''
LTLIBOBJS=''
MAKEINFO='${SHELL} /home/lachbr/player/ppremake/missing makeinfo'
MKDIR_P='/bin/mkdir -p'
OBJEXT='o'
PACKAGE='ppremake'
PACKAGE_BUGREPORT=''
PACKAGE_NAME=''
PACKAGE_STRING=''
PACKAGE_TARNAME=''
PACKAGE_URL=''
PACKAGE_VERSION=''
PATH_SEPARATOR=':'
SET_MAKE=''
SHELL='/bin/bash'
STRIP=''
VERSION='1.22'
ac_ct_CC='gcc'
ac_ct_CXX='g++'
am__EXEEXT_FALSE=''
am__EXEEXT_TRUE='#'
am__fastdepCC_FALSE='#'
am__fastdepCC_TRUE=''
am__fastdepCXX_FALSE='#'
am__fastdepCXX_TRUE=''
am__include='include'
am__isrc=''
am__leading_dot='.'
am__nodep='_no'
am__quote=''
am__tar='$${TAR-tar} chof - "$$tardir"'
am__untar='$${TAR-tar} xf -'
bindir='${exec_prefix}/bin'
build='x86_64-pc-linux-gnu'
build_alias=''
build_cpu='x86_64'
build_os='linux-gnu'
build_vendor='pc'
datadir='${datarootdir}'
datarootdir='${prefix}/share'
docdir='${datarootdir}/doc/${PACKAGE}'
dvidir='${docdir}'
exec_prefix='${prefix}'
host='x86_64-pc-linux-gnu'
host_alias=''
host_cpu='x86_64'
host_os='linux-gnu'
host_vendor='pc'
htmldir='${docdir}'
includedir='${prefix}/include'
infodir='${datarootdir}/info'
install_sh='${SHELL} /home/lachbr/player/ppremake/install-sh'
libdir='${exec_prefix}/lib'
libexecdir='${exec_prefix}/libexec'
libm='-lm'
localedir='${datarootdir}/locale'
localstatedir='${prefix}/var'
mandir='${datarootdir}/man'
mkdir_p='$(MKDIR_P)'
oldincludedir='/usr/include'
pdfdir='${docdir}'
prefix='/usr/local'
program_transform_name='s,x,x,'
psdir='${docdir}'
runstatedir='${localstatedir}/run'
sbindir='${exec_prefix}/sbin'
sharedstatedir='${prefix}/com'
sysconfdir='${prefix}/etc'
target_alias=''

## ----------- ##
## confdefs.h. ##
## ----------- ##

/* confdefs.h */
#define PACKAGE_NAME ""
#define PACKAGE_TARNAME ""
#define PACKAGE_VERSION ""
#define PACKAGE_STRING ""
#define PACKAGE_BUGREPORT ""
#define PACKAGE_URL ""
#define PACKAGE "ppremake"
#define VERSION "1.22"
#define STDC_HEADERS 1
#define HAVE_SYS_TYPES_H 1
#define HAVE_SYS_STAT_H 1
#define HAVE_STDLIB_H 1
#define HAVE_STRING_H 1
#define HAVE_MEMORY_H 1
#define HAVE_STRINGS_H 1
#define HAVE_INTTYPES_H 1
#define HAVE_STDINT_H 1
#define HAVE_UNISTD_H 1
#define HAVE_MALLOC_H 1
#define HAVE_ALLOCA_H 1
#define HAVE_UNISTD_H 1
#define HAVE_UTIME_H 1
#define HAVE_DIRENT_H 1
#define HAVE_GLOB_H 1
#define HAVE_SYS_TYPES_H 1
#define HAVE_SYS_TIME_H 1
#define HAVE_SYS_WAIT_H 1
#define HAVE_STRING_H 1
#define HAVE_REGEX_H 1
#define HAVE_GETOPT_H 1
#define HAVE_GETOPT 1
#define HAVE_IOSTREAM 1
#define HAVE_SSTREAM 1
#define HAVE_NAMESPACE 1
#define HAVE_IOS_BINARY 1
#define PLATFORM "Linux"

configure: exit 0
